#
# There is insufficient memory for the Java Runtime Environment to continue.
# Native memory allocation (malloc) failed to allocate 1048576 bytes for AllocateHeap
# Possible reasons:
#   The system is out of physical RAM or swap space
#   The process is running with CompressedOops enabled, and the Java Heap may be blocking the growth of the native heap
# Possible solutions:
#   Reduce memory load on the system
#   Increase physical memory or swap space
#   Check if swap backing store is full
#   Decrease Java heap size (-Xmx/-Xms)
#   Decrease number of Java threads
#   Decrease Java thread stack sizes (-Xss)
#   Set larger code cache with -XX:ReservedCodeCacheSize=
#   JVM is running with Unscaled Compressed Oops mode in which the Java heap is
#     placed in the first 4GB address space. The Java Heap base address is the
#     maximum limit for the native heap growth. Please use -XX:HeapBaseMinAddress
#     to set the Java Heap base and to place the Java Heap above 4GB virtual address.
# This output file may be truncated or incomplete.
#
#  Out of Memory Error (memory/allocation.inline.hpp:61), pid=13080, tid=0x000000000000066c
#
# JRE version:  (8.0_211-b12) (build )
# Java VM: Java HotSpot(TM) 64-Bit Server VM (25.211-b12 mixed mode windows-amd64 compressed oops)
# Failed to write core dump. Minidumps are not enabled by default on client versions of Windows
#

---------------  T H R E A D  ---------------

Current thread (0x0000000002507000):  JavaThread "Unknown thread" [_thread_in_vm, id=1644, stack(0x0000000002390000,0x0000000002490000)]

Stack: [0x0000000002390000,0x0000000002490000]
[error occurred during error reporting (printing stack bounds), id 0xc0000005]

Native frames: (J=compiled Java code, j=interpreted, Vv=VM code, C=native code)


---------------  P R O C E S S  ---------------

Java Threads: ( => current thread )

Other Threads:

=>0x0000000002507000 (exited) JavaThread "Unknown thread" [_thread_in_vm, id=1644, stack(0x0000000002390000,0x0000000002490000)]

VM state:not at safepoint (normal execution)

VM Mutex/Monitor currently owned by a thread: None

heap address: 0x00000000c1600000, size: 1002 MB, Compressed Oops mode: 32-bit
Narrow klass base: 0x0000000000000000, Narrow klass shift: 3
Compressed class space size: 1073741824 Address: 0x0000000100000000

Heap:
 PSYoungGen      total 18944K, used 327K [0x00000000eb200000, 0x00000000ec700000, 0x0000000100000000)
  eden space 16384K, 2% used [0x00000000eb200000,0x00000000eb251ec8,0x00000000ec200000)
  from space 2560K, 0% used [0x00000000ec480000,0x00000000ec480000,0x00000000ec700000)
  to   space 2560K, 0% used [0x00000000ec200000,0x00000000ec200000,0x00000000ec480000)
 ParOldGen       total 44032K, used 0K [0x00000000c1600000, 0x00000000c4100000, 0x00000000eb200000)
  object space 44032K, 0% used [0x00000000c1600000,0x00000000c1600000,0x00000000c4100000)
 Metaspace       used 762K, capacity 4480K, committed 4480K, reserved 1056768K
  class space    used 76K, capacity 384K, committed 384K, reserved 1048576K

Card table byte_map: [0x0000000011bb0000,0x0000000011db0000] byte_map_base: 0x00000000115a5000

Marking Bits: (ParMarkBitMap*) 0x0000000077285ce0
 Begin Bits: [0x0000000012300000, 0x00000000132a8000)
 End Bits:   [0x00000000132a8000, 0x0000000014250000)

Polling page: 0x0000000000a50000

CodeCache: size=245760Kb used=328Kb max_used=328Kb free=245431Kb
 bounds [0x00000000027f0000, 0x0000000002a60000, 0x00000000117f0000]
 total_blobs=58 nmethods=0 adapters=38
 compilation: enabled

Compilation events (0 events):
No events

GC Heap History (0 events):
No events

Deoptimization events (0 events):
No events

Classes redefined (0 events):
No events

Internal exceptions (0 events):
No events

Events (10 events):
Event: 0.044 loading class java/lang/Short
Event: 0.044 loading class java/lang/Short done
Event: 0.044 loading class java/lang/Integer
Event: 0.044 loading class java/lang/Integer done
Event: 0.044 loading class java/lang/Long
Event: 0.044 loading class java/lang/Long done
Event: 0.045 loading class java/lang/NullPointerException
Event: 0.045 loading class java/lang/NullPointerException done
Event: 0.045 loading class java/lang/ArithmeticException
Event: 0.045 loading class java/lang/ArithmeticException done


Dynamic libraries:
0x00007ff6f02d0000 - 0x00007ff6f0307000 	C:\Program Files\Java\jre1.8.0_211\bin\javaw.exe
0x00007ffd94f20000 - 0x00007ffd95110000 	C:\WINDOWS\SYSTEM32\ntdll.dll
0x00007ffd94900000 - 0x00007ffd949b2000 	C:\WINDOWS\System32\KERNEL32.DLL
0x00007ffd92920000 - 0x00007ffd92bc5000 	C:\WINDOWS\System32\KERNELBASE.dll
0x00007ffd949c0000 - 0x00007ffd94a63000 	C:\WINDOWS\System32\ADVAPI32.dll
0x00007ffd938b0000 - 0x00007ffd9394e000 	C:\WINDOWS\System32\msvcrt.dll
0x00007ffd935b0000 - 0x00007ffd93647000 	C:\WINDOWS\System32\sechost.dll
0x00007ffd92fe0000 - 0x00007ffd93100000 	C:\WINDOWS\System32\RPCRT4.dll
0x00007ffd945f0000 - 0x00007ffd94784000 	C:\WINDOWS\System32\USER32.dll
0x00007ffd92ed0000 - 0x00007ffd92ef1000 	C:\WINDOWS\System32\win32u.dll
0x00007ffd93100000 - 0x00007ffd93126000 	C:\WINDOWS\System32\GDI32.dll
0x00007ffd92c20000 - 0x00007ffd92db6000 	C:\WINDOWS\System32\gdi32full.dll
0x00007ffd92f30000 - 0x00007ffd92fce000 	C:\WINDOWS\System32\msvcp_win.dll
0x00007ffd92620000 - 0x00007ffd9271a000 	C:\WINDOWS\System32\ucrtbase.dll
0x00007ffd7c190000 - 0x00007ffd7c414000 	C:\WINDOWS\WinSxS\amd64_microsoft.windows.common-controls_6595b64144ccf1df_6.0.18362.1256_none_9e7e379be45e40e2\COMCTL32.dll
0x00007ffd94170000 - 0x00007ffd944a6000 	C:\WINDOWS\System32\combase.dll
0x00007ffd92720000 - 0x00007ffd927a1000 	C:\WINDOWS\System32\bcryptPrimitives.dll
0x00007ffd93650000 - 0x00007ffd9367e000 	C:\WINDOWS\System32\IMM32.DLL
0x0000000076980000 - 0x0000000076a52000 	C:\Program Files\Java\jre1.8.0_211\bin\msvcr100.dll
0x0000000076a60000 - 0x0000000077305000 	C:\Program Files\Java\jre1.8.0_211\bin\server\jvm.dll
0x00007ffd92fd0000 - 0x00007ffd92fd8000 	C:\WINDOWS\System32\PSAPI.DLL
0x00007ffd8e280000 - 0x00007ffd8e289000 	C:\WINDOWS\SYSTEM32\WSOCK32.dll
0x00007ffd86f40000 - 0x00007ffd86f4a000 	C:\WINDOWS\SYSTEM32\VERSION.dll
0x00007ffd8e220000 - 0x00007ffd8e244000 	C:\WINDOWS\SYSTEM32\WINMM.dll
0x00007ffd94e70000 - 0x00007ffd94edf000 	C:\WINDOWS\System32\WS2_32.dll
0x00007ffd8e1f0000 - 0x00007ffd8e21d000 	C:\WINDOWS\SYSTEM32\winmmbase.dll
0x00007ffd92bd0000 - 0x00007ffd92c1a000 	C:\WINDOWS\System32\cfgmgr32.dll
0x00007ffd8e2a0000 - 0x00007ffd8e2af000 	C:\Program Files\Java\jre1.8.0_211\bin\verify.dll
0x00007ffd8ca70000 - 0x00007ffd8ca99000 	C:\Program Files\Java\jre1.8.0_211\bin\java.dll
0x00007ffd82a90000 - 0x00007ffd82ac5000 	C:\Program Files\Java\jre1.8.0_211\bin\jdwp.dll
0x00007ffd8ea30000 - 0x00007ffd8ea38000 	C:\Program Files\Java\jre1.8.0_211\bin\npt.dll
0x00007ffd8cf40000 - 0x00007ffd8cf63000 	C:\Program Files\Java\jre1.8.0_211\bin\instrument.dll
0x00007ffd8dac0000 - 0x00007ffd8dad6000 	C:\Program Files\Java\jre1.8.0_211\bin\zip.dll

VM Arguments:
jvm_args: -agentlib:jdwp=transport=dt_socket,suspend=y,address=localhost:64080 -ea -javaagent:E:\Junior\programas\eclipse\eclipse\configuration\org.eclipse.osgi\409\0\.cp\lib\javaagent-shaded.jar -Dfile.encoding=UTF-8 
java_command: org.eclipse.jdt.internal.junit.runner.RemoteTestRunner -version 3 -port 64079 -testLoaderClass org.eclipse.jdt.internal.junit5.runner.JUnit5TestLoader -loaderpluginname org.eclipse.jdt.junit5.runtime -classNames com.dbc.localitys_back.LocalitysBackApplicationTests
java_class_path (initial): E:\DEV\WORKSPACES\localitys_back\target\test-classes;E:\DEV\WORKSPACES\localitys_back\target\classes;C:\Users\sjunior\.m2\repository\org\springframework\boot\spring-boot-starter-batch\2.4.1\spring-boot-starter-batch-2.4.1.jar;C:\Users\sjunior\.m2\repository\org\springframework\boot\spring-boot-starter\2.4.1\spring-boot-starter-2.4.1.jar;C:\Users\sjunior\.m2\repository\org\springframework\boot\spring-boot-starter-logging\2.4.1\spring-boot-starter-logging-2.4.1.jar;C:\Users\sjunior\.m2\repository\ch\qos\logback\logback-classic\1.2.3\logback-classic-1.2.3.jar;C:\Users\sjunior\.m2\repository\ch\qos\logback\logback-core\1.2.3\logback-core-1.2.3.jar;C:\Users\sjunior\.m2\repository\org\apache\logging\log4j\log4j-to-slf4j\2.13.3\log4j-to-slf4j-2.13.3.jar;C:\Users\sjunior\.m2\repository\org\apache\logging\log4j\log4j-api\2.13.3\log4j-api-2.13.3.jar;C:\Users\sjunior\.m2\repository\org\slf4j\jul-to-slf4j\1.7.30\jul-to-slf4j-1.7.30.jar;C:\Users\sjunior\.m2\repository\jakarta\annotation\jakarta.annotation-api\1.3.5\jakarta.annotation-api-1.3.5.jar;C:\Users\sjunior\.m2\repository\org\yaml\snakeyaml\1.27\snakeyaml-1.27.jar;C:\Users\sjunior\.m2\repository\org\springframework\boot\spring-boot-starter-jdbc\2.4.1\spring-boot-starter-jdbc-2.4.1.jar;C:\Users\sjunior\.m2\repository\com\zaxxer\HikariCP\3.4.5\HikariCP-3.4.5.jar;C:\Users\sjunior\.m2\repository\org\springframework\batch\spring-batch-core\4.3.1\spring-batch-core-4.3.1.jar;C:\Users\sjunior\.m2\repository\com\fasterxml\jackson\core\jackson-databind\2.11.3\jackson-databind-2.11.3.jar;C:\Users\sjunior\.m2\repository\com\fasterxml\jackson\core\jackson-annotations\2.11.3\jackson-annotations-2.11.3.jar;C:\Users\sjunior\.m2\repository\com\fasterxml\jackson\core\jackson-core\2.11.3\jackson-core-2.11.3.jar;C:\Users\sjunior\.m2\repository\io\micrometer\micrometer-core\1.6.2\micrometer-core-1.6.2.jar;C:\Users\sjunior\.m2\repository\org\hdrhistogram\HdrHistogram\2.1.12\HdrHistogram-2.1.12.jar;C:\Users\sjunior\
Launcher Type: SUN_STANDARD

Environment Variables:
JAVA_HOME=C:\Program Files\Java\jdk1.8.0_211
PATH=C:/Program Files/Java/jre1.8.0_211/bin/server;C:/Program Files/Java/jre1.8.0_211/bin;C:/Program Files/Java/jre1.8.0_211/lib/amd64;C:\Program Files\Common Files\Oracle\Java\javapath;C:\Program Files (x86)\Common Files\Oracle\Java\javapath;C:\WINDOWS\system32;C:\WINDOWS;C:\WINDOWS\System32\Wbem;C:\WINDOWS\System32\WindowsPowerShell\v1.0\;C:\Program Files\Java\jdk1.8.0_211\bin;C:\WINDOWS\System32\OpenSSH\;C:\Program Files\Docker\Docker\resources\bin;C:\ProgramData\DockerDesktop\version-bin;C:\Users\sjunior\AppData\Local\Microsoft\WindowsApps;;C:\Program Files\JetBrains\IntelliJ IDEA Community Edition 2020.3.1\bin;;E:\Junior\programas\eclipse\eclipse;
USERNAME=sjunior
OS=Windows_NT
PROCESSOR_IDENTIFIER=Intel64 Family 6 Model 69 Stepping 1, GenuineIntel



---------------  S Y S T E M  ---------------

OS: Windows 10.0 , 64 bit Build 18362 (10.0.18362.1110)

CPU:total 4 (initial active 4) (2 cores per cpu, 2 threads per core) family 6 model 69 stepping 1, cmov, cx8, fxsr, mmx, sse, sse2, sse3, ssse3, sse4.1, sse4.2, popcnt, avx, avx2, aes, clmul, erms, lzcnt, ht, tsc, tscinvbit, bmi1, bmi2

Memory: 4k page, physical 4096168k(460176k free), swap 8192168k(5604k free)

vm_info: Java HotSpot(TM) 64-Bit Server VM (25.211-b12) for windows-amd64 JRE (1.8.0_211-b12), built on Apr  1 2019 20:53:26 by "java_re" with MS VC++ 10.0 (VS2010)

time: Mon Jan 11 08:00:24 2021
timezone: Hora oficial do Brasil
elapsed time: 0 seconds (0d 0h 0m 0s)

