#
# There is insufficient memory for the Java Runtime Environment to continue.
# Native memory allocation (malloc) failed to allocate 32744 bytes for ChunkPool::allocate
# Possible reasons:
#   The system is out of physical RAM or swap space
#   The process is running with CompressedOops enabled, and the Java Heap may be blocking the growth of the native heap
# Possible solutions:
#   Reduce memory load on the system
#   Increase physical memory or swap space
#   Check if swap backing store is full
#   Decrease Java heap size (-Xmx/-Xms)
#   Decrease number of Java threads
#   Decrease Java thread stack sizes (-Xss)
#   Set larger code cache with -XX:ReservedCodeCacheSize=
#   JVM is running with Unscaled Compressed Oops mode in which the Java heap is
#     placed in the first 4GB address space. The Java Heap base address is the
#     maximum limit for the native heap growth. Please use -XX:HeapBaseMinAddress
#     to set the Java Heap base and to place the Java Heap above 4GB virtual address.
# This output file may be truncated or incomplete.
#
#  Out of Memory Error (allocation.cpp:272), pid=1076, tid=0x0000000000002ea0
#
# JRE version: Java(TM) SE Runtime Environment (8.0_211-b12) (build 1.8.0_211-b12)
# Java VM: Java HotSpot(TM) 64-Bit Server VM (25.211-b12 mixed mode windows-amd64 compressed oops)
# Failed to write core dump. Minidumps are not enabled by default on client versions of Windows
#

---------------  T H R E A D  ---------------

Current thread (0x0000000017504800):  JavaThread "C1 CompilerThread2" daemon [_thread_in_native, id=11936, stack(0x0000000017dd0000,0x0000000017ed0000)]

Stack: [0x0000000017dd0000,0x0000000017ed0000]
[error occurred during error reporting (printing stack bounds), id 0xc0000005]

Native frames: (J=compiled Java code, j=interpreted, Vv=VM code, C=native code)


Current CompileTask:
C1:   1256  267       3       org.eclipse.jdt.launching.internal.org.objectweb.asm.ClassReader::readCode (5089 bytes)


---------------  P R O C E S S  ---------------

Java Threads: ( => current thread )
  0x0000000017594800 JavaThread "Service Thread" daemon [_thread_blocked, id=13176, stack(0x0000000017ed0000,0x0000000017fd0000)]
=>0x0000000017504800 JavaThread "C1 CompilerThread2" daemon [_thread_in_native, id=11936, stack(0x0000000017dd0000,0x0000000017ed0000)]
  0x00000000174e6000 JavaThread "C2 CompilerThread1" daemon [_thread_in_native, id=5028, stack(0x0000000017cd0000,0x0000000017dd0000)]
  0x00000000174e5800 JavaThread "C2 CompilerThread0" daemon [_thread_in_native, id=12532, stack(0x0000000017bd0000,0x0000000017cd0000)]
  0x0000000015341000 JavaThread "JDWP Command Reader" daemon [_thread_in_native, id=6588, stack(0x0000000016ed0000,0x0000000016fd0000)]
  0x000000001533f800 JavaThread "JDWP Event Helper Thread" daemon [_thread_blocked, id=10880, stack(0x0000000016dd0000,0x0000000016ed0000)]
  0x0000000015330000 JavaThread "JDWP Transport Listener: dt_socket" daemon [_thread_blocked, id=7220, stack(0x0000000016cd0000,0x0000000016dd0000)]
  0x0000000015323800 JavaThread "Attach Listener" daemon [_thread_blocked, id=9588, stack(0x0000000016890000,0x0000000016990000)]
  0x0000000015322000 JavaThread "Signal Dispatcher" daemon [_thread_blocked, id=9424, stack(0x0000000016790000,0x0000000016890000)]
  0x0000000015310000 JavaThread "Finalizer" daemon [_thread_blocked, id=1212, stack(0x0000000016580000,0x0000000016680000)]
  0x0000000002c18000 JavaThread "Reference Handler" daemon [_thread_blocked, id=5664, stack(0x0000000016480000,0x0000000016580000)]
  0x0000000002b27000 JavaThread "main" [_thread_in_native, id=9792, stack(0x00000000029e0000,0x0000000002ae0000)]

Other Threads:
  0x00000000152e8000 VMThread [stack: 0x0000000016380000,0x0000000016480000] [id=11440]
  0x0000000017614000 WatcherThread [stack: 0x0000000017fd0000,0x00000000180d0000] [id=2664]

VM state:not at safepoint (normal execution)

VM Mutex/Monitor currently owned by a thread: None

heap address: 0x00000000c1600000, size: 1002 MB, Compressed Oops mode: 32-bit
Narrow klass base: 0x0000000000000000, Narrow klass shift: 3
Compressed class space size: 1073741824 Address: 0x0000000100000000

Heap:
 PSYoungGen      total 18944K, used 11163K [0x00000000eb200000, 0x00000000ec700000, 0x0000000100000000)
  eden space 16384K, 68% used [0x00000000eb200000,0x00000000ebce6e18,0x00000000ec200000)
  from space 2560K, 0% used [0x00000000ec480000,0x00000000ec480000,0x00000000ec700000)
  to   space 2560K, 0% used [0x00000000ec200000,0x00000000ec200000,0x00000000ec480000)
 ParOldGen       total 44032K, used 0K [0x00000000c1600000, 0x00000000c4100000, 0x00000000eb200000)
  object space 44032K, 0% used [0x00000000c1600000,0x00000000c1600000,0x00000000c4100000)
 Metaspace       used 5076K, capacity 5138K, committed 5248K, reserved 1056768K
  class space    used 540K, capacity 561K, committed 640K, reserved 1048576K

Card table byte_map: [0x00000000120e0000,0x00000000122e0000] byte_map_base: 0x0000000011ad5000

Marking Bits: (ParMarkBitMap*) 0x0000000077285ce0
 Begin Bits: [0x0000000012830000, 0x00000000137d8000)
 End Bits:   [0x00000000137d8000, 0x0000000014780000)

Polling page: 0x00000000007f0000

CodeCache: size=245760Kb used=1819Kb max_used=1831Kb free=243940Kb
 bounds [0x0000000002d20000, 0x0000000002f90000, 0x0000000011d20000]
 total_blobs=549 nmethods=264 adapters=206
 compilation: enabled

Compilation events (10 events):
Event: 1.179 Thread 0x0000000017504800 nmethod 265 0x0000000002ee1750 code [0x0000000002ee18c0, 0x0000000002ee1c70]
Event: 1.179 Thread 0x0000000017504800  259       1       org.eclipse.jdt.launching.internal.org.objectweb.asm.MethodWriter::hasAsmInstructions (5 bytes)
Event: 1.179 Thread 0x0000000017504800 nmethod 259 0x0000000002ee1490 code [0x0000000002ee15e0, 0x0000000002ee16f0]
Event: 1.179 Thread 0x0000000017504800  260       1       java.security.CodeSource::getLocation (5 bytes)
Event: 1.179 Thread 0x0000000017504800 nmethod 260 0x0000000002ee11d0 code [0x0000000002ee1320, 0x0000000002ee1430]
Event: 1.179 Thread 0x0000000017504800  266       3       org.eclipse.jdt.launching.internal.org.objectweb.asm.SymbolTable::addConstantNameAndType (137 bytes)
Event: 1.180 Thread 0x0000000017504800 nmethod 266 0x0000000002ee5ed0 code [0x0000000002ee60e0, 0x0000000002ee6c48]
Event: 1.180 Thread 0x0000000017504800  267       3       org.eclipse.jdt.launching.internal.org.objectweb.asm.ClassReader::readCode (5089 bytes)
Event: 1.193 Thread 0x00000000174e6000 nmethod 257 0x0000000002eea510 code [0x0000000002eea680, 0x0000000002eead68]
Event: 1.193 Thread 0x00000000174e6000  236  s!   4       sun.misc.URLClassPath::getLoader (243 bytes)

GC Heap History (0 events):
No events

Deoptimization events (0 events):
No events

Classes redefined (0 events):
No events

Internal exceptions (2 events):
Event: 0.076 Thread 0x0000000002b27000 Exception <a 'java/lang/NoSuchMethodError': Method sun.misc.Unsafe.defineClass(Ljava/lang/String;[BII)Ljava/lang/Class; name or signature does not match> (0x00000000eb207cb0) thrown at [C:\re\workspace\8-2-build-windows-amd64-cygwin\jdk8u211\12973\hotspot
Event: 0.077 Thread 0x0000000002b27000 Exception <a 'java/lang/NoSuchMethodError': Method sun.misc.Unsafe.prefetchRead(Ljava/lang/Object;J)V name or signature does not match> (0x00000000eb207f98) thrown at [C:\re\workspace\8-2-build-windows-amd64-cygwin\jdk8u211\12973\hotspot\src\share\vm\prim

Events (10 events):
Event: 1.177 loading class org/junit/platform/launcher/core/ServiceLoaderTestEngineRegistry done
Event: 1.181 loading class org/junit/platform/commons/logging/LoggerFactory
Event: 1.181 loading class org/junit/platform/commons/logging/LoggerFactory done
Event: 1.186 loading class org/junit/platform/commons/logging/Logger
Event: 1.186 loading class org/junit/platform/commons/logging/Logger done
Event: 1.188 loading class org/junit/platform/commons/logging/LoggerFactory$DelegatingLogger
Event: 1.188 loading class org/junit/platform/commons/logging/LoggerFactory$DelegatingLogger done
Event: 1.191 loading class java/util/logging/Logger
Event: 1.191 loading class java/util/logging/Logger done
Event: 1.192 loading class java/util/logging/Handler


Dynamic libraries:
0x00007ff6f02d0000 - 0x00007ff6f0307000 	C:\Program Files\Java\jre1.8.0_211\bin\javaw.exe
0x00007ffd94f20000 - 0x00007ffd95110000 	C:\WINDOWS\SYSTEM32\ntdll.dll
0x00007ffd94900000 - 0x00007ffd949b2000 	C:\WINDOWS\System32\KERNEL32.DLL
0x00007ffd92920000 - 0x00007ffd92bc5000 	C:\WINDOWS\System32\KERNELBASE.dll
0x00007ffd949c0000 - 0x00007ffd94a63000 	C:\WINDOWS\System32\ADVAPI32.dll
0x00007ffd938b0000 - 0x00007ffd9394e000 	C:\WINDOWS\System32\msvcrt.dll
0x00007ffd935b0000 - 0x00007ffd93647000 	C:\WINDOWS\System32\sechost.dll
0x00007ffd92fe0000 - 0x00007ffd93100000 	C:\WINDOWS\System32\RPCRT4.dll
0x00007ffd945f0000 - 0x00007ffd94784000 	C:\WINDOWS\System32\USER32.dll
0x00007ffd92ed0000 - 0x00007ffd92ef1000 	C:\WINDOWS\System32\win32u.dll
0x00007ffd93100000 - 0x00007ffd93126000 	C:\WINDOWS\System32\GDI32.dll
0x00007ffd92c20000 - 0x00007ffd92db6000 	C:\WINDOWS\System32\gdi32full.dll
0x00007ffd92f30000 - 0x00007ffd92fce000 	C:\WINDOWS\System32\msvcp_win.dll
0x00007ffd92620000 - 0x00007ffd9271a000 	C:\WINDOWS\System32\ucrtbase.dll
0x00007ffd7c190000 - 0x00007ffd7c414000 	C:\WINDOWS\WinSxS\amd64_microsoft.windows.common-controls_6595b64144ccf1df_6.0.18362.1256_none_9e7e379be45e40e2\COMCTL32.dll
0x00007ffd94170000 - 0x00007ffd944a6000 	C:\WINDOWS\System32\combase.dll
0x00007ffd92720000 - 0x00007ffd927a1000 	C:\WINDOWS\System32\bcryptPrimitives.dll
0x00007ffd93650000 - 0x00007ffd9367e000 	C:\WINDOWS\System32\IMM32.DLL
0x0000000076980000 - 0x0000000076a52000 	C:\Program Files\Java\jre1.8.0_211\bin\msvcr100.dll
0x0000000076a60000 - 0x0000000077305000 	C:\Program Files\Java\jre1.8.0_211\bin\server\jvm.dll
0x00007ffd92fd0000 - 0x00007ffd92fd8000 	C:\WINDOWS\System32\PSAPI.DLL
0x00007ffd8e220000 - 0x00007ffd8e244000 	C:\WINDOWS\SYSTEM32\WINMM.dll
0x00007ffd86f40000 - 0x00007ffd86f4a000 	C:\WINDOWS\SYSTEM32\VERSION.dll
0x00007ffd8e280000 - 0x00007ffd8e289000 	C:\WINDOWS\SYSTEM32\WSOCK32.dll
0x00007ffd8e1f0000 - 0x00007ffd8e21d000 	C:\WINDOWS\SYSTEM32\WINMMBASE.dll
0x00007ffd92bd0000 - 0x00007ffd92c1a000 	C:\WINDOWS\System32\cfgmgr32.dll
0x00007ffd94e70000 - 0x00007ffd94edf000 	C:\WINDOWS\System32\WS2_32.dll
0x00007ffd8e2a0000 - 0x00007ffd8e2af000 	C:\Program Files\Java\jre1.8.0_211\bin\verify.dll
0x00007ffd8ca70000 - 0x00007ffd8ca99000 	C:\Program Files\Java\jre1.8.0_211\bin\java.dll
0x00007ffd82a90000 - 0x00007ffd82ac5000 	C:\Program Files\Java\jre1.8.0_211\bin\jdwp.dll
0x00007ffd8ea30000 - 0x00007ffd8ea38000 	C:\Program Files\Java\jre1.8.0_211\bin\npt.dll
0x00007ffd8cf40000 - 0x00007ffd8cf63000 	C:\Program Files\Java\jre1.8.0_211\bin\instrument.dll
0x00007ffd8dac0000 - 0x00007ffd8dad6000 	C:\Program Files\Java\jre1.8.0_211\bin\zip.dll
0x00007ffd93a20000 - 0x00007ffd94107000 	C:\WINDOWS\System32\SHELL32.dll
0x00007ffd94a70000 - 0x00007ffd94b19000 	C:\WINDOWS\System32\shcore.dll
0x00007ffd91e90000 - 0x00007ffd92611000 	C:\WINDOWS\System32\windows.storage.dll
0x00007ffd91e40000 - 0x00007ffd91e63000 	C:\WINDOWS\System32\profapi.dll
0x00007ffd91df0000 - 0x00007ffd91e3a000 	C:\WINDOWS\System32\powrprof.dll
0x00007ffd91dc0000 - 0x00007ffd91dd0000 	C:\WINDOWS\System32\UMPDC.dll
0x00007ffd939c0000 - 0x00007ffd93a12000 	C:\WINDOWS\System32\shlwapi.dll
0x00007ffd91dd0000 - 0x00007ffd91de1000 	C:\WINDOWS\System32\kernel.appcore.dll
0x00007ffd927b0000 - 0x00007ffd927c7000 	C:\WINDOWS\System32\cryptsp.dll
0x00007ffd8e970000 - 0x00007ffd8e979000 	C:\Program Files\Java\jre1.8.0_211\bin\dt_socket.dll
0x00007ffd86ce0000 - 0x00007ffd86cf6000 	C:\WINDOWS\system32\napinsp.dll
0x00007ffd86c00000 - 0x00007ffd86c1a000 	C:\WINDOWS\system32\pnrpnsp.dll
0x00007ffd915c0000 - 0x00007ffd91627000 	C:\WINDOWS\System32\mswsock.dll
0x00007ffd91320000 - 0x00007ffd913eb000 	C:\WINDOWS\SYSTEM32\DNSAPI.dll
0x00007ffd94d50000 - 0x00007ffd94d58000 	C:\WINDOWS\System32\NSI.dll
0x00007ffd912e0000 - 0x00007ffd9131a000 	C:\WINDOWS\SYSTEM32\IPHLPAPI.DLL
0x00007ffd8e9c0000 - 0x00007ffd8e9ce000 	C:\WINDOWS\System32\winrnr.dll
0x00007ffd8e8f0000 - 0x00007ffd8e90c000 	C:\WINDOWS\system32\NLAapi.dll
0x00007ffd8ad40000 - 0x00007ffd8ad55000 	C:\WINDOWS\system32\wshbth.dll
0x00007ffd871d0000 - 0x00007ffd87247000 	C:\WINDOWS\System32\fwpuclnt.dll
0x00007ffd92f00000 - 0x00007ffd92f26000 	C:\WINDOWS\System32\bcrypt.dll
0x00007ffd86f30000 - 0x00007ffd86f3a000 	C:\Windows\System32\rasadhlp.dll

VM Arguments:
jvm_args: -agentlib:jdwp=transport=dt_socket,suspend=y,address=localhost:64057 -ea -javaagent:E:\Junior\programas\eclipse\eclipse\configuration\org.eclipse.osgi\409\0\.cp\lib\javaagent-shaded.jar -Dfile.encoding=UTF-8 
java_command: org.eclipse.jdt.internal.junit.runner.RemoteTestRunner -version 3 -port 64056 -testLoaderClass org.eclipse.jdt.internal.junit5.runner.JUnit5TestLoader -loaderpluginname org.eclipse.jdt.junit5.runtime -classNames com.dbc.localitys_back.LocalitysBackApplicationTests
java_class_path (initial): E:\DEV\WORKSPACES\localitys_back\target\test-classes;E:\DEV\WORKSPACES\localitys_back\target\classes;C:\Users\sjunior\.m2\repository\org\springframework\boot\spring-boot-starter-batch\2.4.1\spring-boot-starter-batch-2.4.1.jar;C:\Users\sjunior\.m2\repository\org\springframework\boot\spring-boot-starter\2.4.1\spring-boot-starter-2.4.1.jar;C:\Users\sjunior\.m2\repository\org\springframework\boot\spring-boot-starter-logging\2.4.1\spring-boot-starter-logging-2.4.1.jar;C:\Users\sjunior\.m2\repository\ch\qos\logback\logback-classic\1.2.3\logback-classic-1.2.3.jar;C:\Users\sjunior\.m2\repository\ch\qos\logback\logback-core\1.2.3\logback-core-1.2.3.jar;C:\Users\sjunior\.m2\repository\org\apache\logging\log4j\log4j-to-slf4j\2.13.3\log4j-to-slf4j-2.13.3.jar;C:\Users\sjunior\.m2\repository\org\apache\logging\log4j\log4j-api\2.13.3\log4j-api-2.13.3.jar;C:\Users\sjunior\.m2\repository\org\slf4j\jul-to-slf4j\1.7.30\jul-to-slf4j-1.7.30.jar;C:\Users\sjunior\.m2\repository\jakarta\annotation\jakarta.annotation-api\1.3.5\jakarta.annotation-api-1.3.5.jar;C:\Users\sjunior\.m2\repository\org\yaml\snakeyaml\1.27\snakeyaml-1.27.jar;C:\Users\sjunior\.m2\repository\org\springframework\boot\spring-boot-starter-jdbc\2.4.1\spring-boot-starter-jdbc-2.4.1.jar;C:\Users\sjunior\.m2\repository\com\zaxxer\HikariCP\3.4.5\HikariCP-3.4.5.jar;C:\Users\sjunior\.m2\repository\org\springframework\batch\spring-batch-core\4.3.1\spring-batch-core-4.3.1.jar;C:\Users\sjunior\.m2\repository\com\fasterxml\jackson\core\jackson-databind\2.11.3\jackson-databind-2.11.3.jar;C:\Users\sjunior\.m2\repository\com\fasterxml\jackson\core\jackson-annotations\2.11.3\jackson-annotations-2.11.3.jar;C:\Users\sjunior\.m2\repository\com\fasterxml\jackson\core\jackson-core\2.11.3\jackson-core-2.11.3.jar;C:\Users\sjunior\.m2\repository\io\micrometer\micrometer-core\1.6.2\micrometer-core-1.6.2.jar;C:\Users\sjunior\.m2\repository\org\hdrhistogram\HdrHistogram\2.1.12\HdrHistogram-2.1.12.jar;C:\Users\sjunior\
Launcher Type: SUN_STANDARD

Environment Variables:
JAVA_HOME=C:\Program Files\Java\jdk1.8.0_211
PATH=C:/Program Files/Java/jre1.8.0_211/bin/server;C:/Program Files/Java/jre1.8.0_211/bin;C:/Program Files/Java/jre1.8.0_211/lib/amd64;C:\Program Files\Common Files\Oracle\Java\javapath;C:\Program Files (x86)\Common Files\Oracle\Java\javapath;C:\WINDOWS\system32;C:\WINDOWS;C:\WINDOWS\System32\Wbem;C:\WINDOWS\System32\WindowsPowerShell\v1.0\;C:\Program Files\Java\jdk1.8.0_211\bin;C:\WINDOWS\System32\OpenSSH\;C:\Program Files\Docker\Docker\resources\bin;C:\ProgramData\DockerDesktop\version-bin;C:\Users\sjunior\AppData\Local\Microsoft\WindowsApps;;C:\Program Files\JetBrains\IntelliJ IDEA Community Edition 2020.3.1\bin;;E:\Junior\programas\eclipse\eclipse;
USERNAME=sjunior
OS=Windows_NT
PROCESSOR_IDENTIFIER=Intel64 Family 6 Model 69 Stepping 1, GenuineIntel



---------------  S Y S T E M  ---------------

OS: Windows 10.0 , 64 bit Build 18362 (10.0.18362.1110)

CPU:total 4 (initial active 4) (2 cores per cpu, 2 threads per core) family 6 model 69 stepping 1, cmov, cx8, fxsr, mmx, sse, sse2, sse3, ssse3, sse4.1, sse4.2, popcnt, avx, avx2, aes, clmul, erms, lzcnt, ht, tsc, tscinvbit, bmi1, bmi2

Memory: 4k page, physical 4096168k(360644k free), swap 8192168k(1176k free)

vm_info: Java HotSpot(TM) 64-Bit Server VM (25.211-b12) for windows-amd64 JRE (1.8.0_211-b12), built on Apr  1 2019 20:53:26 by "java_re" with MS VC++ 10.0 (VS2010)

time: Mon Jan 11 07:59:00 2021
timezone: Hora oficial do Brasil
elapsed time: 1 seconds (0d 0h 0m 1s)

